<?xml version="1.0" encoding="UTF-8"?>
<!-- Generated by org.testng.reporters.JUnitXMLReporter -->
<testsuite ignored="0" hostname="LAPTOP-RF9RK0GL" failures="1" tests="3" name="Playwright101 Test - Chrome Windows 10" time="107.33" errors="0" timestamp="26 Jan 2025 05:05:17 GMT">
  <testcase classname="playwrightTestNG.LambdatestPlaywright101" name="test_scenario1" time="5.888"/>
  <testcase classname="playwrightTestNG.LambdatestPlaywright101" name="test_scenario2" time="6.941"/>
  <testcase classname="playwrightTestNG.LambdatestPlaywright101" name="test_scenario3" time="8.754">
    <failure type="java.lang.AssertionError" message="The following asserts failed:
	Error message not as expected expected [Please fill out this field.] but found [null]">
      <![CDATA[java.lang.AssertionError: The following asserts failed:
Error message not as expected expected [Please fill out this field.] but found [null]
at playwrightTestNG.LambdatestPlaywright101.test_scenario3(LambdatestPlaywright101.java:159)
... Removed 24 stack frames]]>
    </failure>
  </testcase> <!-- test_scenario3 -->
</testsuite> <!-- Playwright101 Test - Chrome Windows 10 -->
