<?xml version="1.0" encoding="UTF-8"?>
<!-- Generated by org.testng.reporters.JUnitXMLReporter -->
<testsuite ignored="2" hostname="LAPTOP-RF9RK0GL" failures="1" tests="1" name="Playwright101 Test Scenario 3 - Chrome Windows 10" time="36.548" errors="0" timestamp="26 Jan 2025 05:09:32 GMT">
  <testcase classname="playwrightTestNG.LambdatestPlaywright101" name="test_scenario3" time="8.89">
    <failure type="java.lang.AssertionError" message="The following asserts failed:
	Error message not as expected expected [Please fill out this field.] but found [null]">
      <![CDATA[java.lang.AssertionError: The following asserts failed:
Error message not as expected expected [Please fill out this field.] but found [null]
at playwrightTestNG.LambdatestPlaywright101.test_scenario3(LambdatestPlaywright101.java:159)
... Removed 24 stack frames]]>
    </failure>
  </testcase> <!-- test_scenario3 -->
  <testcase classname="playwrightTestNG.LambdatestPlaywright101" name="test_scenario1" time="0.0">
    <ignored/>
  </testcase> <!-- test_scenario1 -->
  <testcase classname="playwrightTestNG.LambdatestPlaywright101" name="test_scenario2" time="0.0">
    <ignored/>
  </testcase> <!-- test_scenario2 -->
</testsuite> <!-- Playwright101 Test Scenario 3 - Chrome Windows 10 -->
