<?xml version="1.0" encoding="UTF-8"?>
<!-- Generated by org.testng.reporters.JUnitXMLReporter -->
<testsuite ignored="0" hostname="LAPTOP-RF9RK0GL" failures="1" tests="3" name="PlaywrightTest - Chrome" time="52.628" errors="0" timestamp="26 Jan 2025 04:47:27 GMT">
  <testcase classname="playwrightTestNG.LambdatestPlaywright101" name="test01" time="6.153"/>
  <testcase classname="playwrightTestNG.LambdatestPlaywright101" name="test02" time="3.907"/>
  <testcase classname="playwrightTestNG.LambdatestPlaywright101" name="test03" time="6.867">
    <failure type="java.lang.AssertionError" message="The following asserts failed:
	Error message not as expected expected [Please fill out this field.] but found [null]">
      <![CDATA[java.lang.AssertionError: The following asserts failed:
Error message not as expected expected [Please fill out this field.] but found [null]
at playwrightTestNG.LambdatestPlaywright101.test03(LambdatestPlaywright101.java:159)
... Removed 24 stack frames]]>
    </failure>
  </testcase> <!-- test03 -->
</testsuite> <!-- PlaywrightTest - Chrome -->
