<?xml version="1.0" encoding="UTF-8"?>
<!-- Generated by org.testng.reporters.JUnitXMLReporter -->
<testsuite ignored="0" hostname="LAPTOP-RF9RK0GL" failures="1" tests="3" name="PlaywrightTest1" time="12.751" errors="0" timestamp="26 Jan 2025 04:40:36 GMT">
  <testcase classname="localtests.LocatTestNG" name="test01" time="1.607"/>
  <testcase classname="localtests.LocatTestNG" name="test02" time="0.969"/>
  <testcase classname="localtests.LocatTestNG" name="test03" time="3.015">
    <failure type="java.lang.AssertionError" message="The following asserts failed:
	Error message not as expected expected [Please fill out this field.] but found [null]">
      <![CDATA[java.lang.AssertionError: The following asserts failed:
Error message not as expected expected [Please fill out this field.] but found [null]
at localtests.LocatTestNG.test03(LocatTestNG.java:143)
... Removed 24 stack frames]]>
    </failure>
  </testcase> <!-- test03 -->
</testsuite> <!-- PlaywrightTest1 -->
